<?xml version="1.0" encoding="UTF-8"?>
<!-- Generated by org.testng.reporters.JUnitReportReporter -->
<testsuite name="com.course.cases.LoginTest" tests="2" time="1.027" ignored="0" failures="0" timestamp="12 Dec 2018 09:56:28 GMT" skipped="0" hostname="CNHQ-07075929N" errors="0">
  <testcase name="loginFalse" time="0.040" classname="com.course.cases.LoginTest"/>
  <testcase name="loginTrue" time="0.987" classname="com.course.cases.LoginTest"/>
</testsuite> <!-- com.course.cases.LoginTest -->
