<?xml version="1.0" encoding="UTF-8"?>
<!-- Generated by org.testng.reporters.JUnitReportReporter -->
<testsuite name="com.course.cases.UpdateUserInfoTest" tests="2" time="0.119" ignored="0" failures="0" timestamp="12 Dec 2018 09:56:28 GMT" skipped="0" hostname="CNHQ-07075929N" errors="0">
  <testcase name="updateUserInfo" time="0.042" classname="com.course.cases.UpdateUserInfoTest"/>
  <testcase name="deleteUserInfo" time="0.077" classname="com.course.cases.UpdateUserInfoTest"/>
</testsuite> <!-- com.course.cases.UpdateUserInfoTest -->
