<?xml version="1.0" encoding="UTF-8"?>
<!-- Generated by org.testng.reporters.JUnitReportReporter -->
<testsuite name="com.course.cases.GetUserListTest" tests="1" time="0.078" ignored="0" failures="0" timestamp="12 Dec 2018 09:56:28 GMT" skipped="0" hostname="CNHQ-07075929N" errors="0">
  <testcase name="getUserList" time="0.078" classname="com.course.cases.GetUserListTest"/>
</testsuite> <!-- com.course.cases.GetUserListTest -->
