<?xml version="1.0" encoding="UTF-8"?>
<!-- Generated by org.testng.reporters.JUnitReportReporter -->
<testsuite name="com.course.cases.GetUserInfoTest" tests="1" time="0.082" ignored="0" failures="0" timestamp="12 Dec 2018 09:56:28 GMT" skipped="0" hostname="CNHQ-07075929N" errors="0">
  <testcase name="getUserInfo" time="0.082" classname="com.course.cases.GetUserInfoTest"/>
</testsuite> <!-- com.course.cases.GetUserInfoTest -->
